<!DOCTYPE html PUBLIC "-//W3C//DTD XHTML 1.1//EN" "https://www.w3.org/TR/xhtml11/DTD/xhtml11.dtd">
<html xmlns="https://www.w3.org/1999/xhtml">
<head>
<meta http-equiv="content-type" content="text/html; charset=UTF-8"/>
<title>TestNG Report</title>
<style type="text/css">table {margin-bottom:10px;border-collapse:collapse;empty-cells:show}th,td {border:1px solid #009;padding:.25em .5em}th {vertical-align:bottom}td {vertical-align:top}table a {font-weight:bold}.stripe td {background-color: #E6EBF9}.num {text-align:right}.passedodd td {background-color: #3F3}.passedeven td {background-color: #0A0}.skippedodd td {background-color: #DDD}.skippedeven td {background-color: #CCC}.failedodd td,.attn {background-color: #F33}.failedeven td,.stripe .attn {background-color: #D00}.stacktrace {white-space:pre;font-family:monospace}.totop {font-size:85%;text-align:center;border-bottom:2px solid #000}.invisible {display:none}</style>
</head>
<body>
<table>
<tr><th>Test</th><th># Passed</th><th># Skipped</th><th># Retried</th><th># Failed</th><th>Time (ms)</th><th>Included Groups</th><th>Excluded Groups</th></tr>
<tr><th colspan="8">automationexercise regression Suite</th></tr>
<tr><td><a href="#t0"> Regression Test</a></td><td class="num">2</td><td class="num attn">4</td><td class="num">0</td><td class="num attn">2</td><td class="num">14,364</td><td></td><td></td></tr>
</table>
<table id='summary'><thead><tr><th>Class</th><th>Method</th><th>Start</th><th>Time (ms)</th></tr></thead><tbody><tr><th colspan="4">automationexercise regression Suite</th></tr></tbody><tbody id="t0"><tr><th colspan="4"> Regression Test &#8212; failed</th></tr><tr class="failedeven"><td rowspan="1">Tests.RegisteredUserCheckOutAndDownloadInvoiceTest</td><td><a href="#m0">userCanRegistersuccessfully</a></td><td rowspan="1">1747581743142</td><td rowspan="1">2066</td></tr><tr class="failedodd"><td rowspan="1">Tests.UserRegisterationTest</td><td><a href="#m1">userCanRegistersuccessfully</a></td><td rowspan="1">1747581745515</td><td rowspan="1">2091</td></tr><tr><th colspan="4"> Regression Test &#8212; skipped</th></tr><tr class="skippedeven"><td rowspan="2">Tests.RegisteredUserCheckOutAndDownloadInvoiceTest</td><td><a href="#m2">UserCanAddProductToCart</a></td><td rowspan="1">1747581745515</td><td rowspan="1">0</td></tr><tr class="skippedeven"><td><a href="#m3">registeredUserCanCheckOut</a></td><td rowspan="1">1747581745515</td><td rowspan="1">0</td></tr><tr class="skippedodd"><td rowspan="2">Tests.UserRegisterationTest</td><td><a href="#m4">userCanLoginSuccessfully</a></td><td rowspan="1">1747581747840</td><td rowspan="1">0</td></tr><tr class="skippedodd"><td><a href="#m5">userCanLogout</a></td><td rowspan="1">1747581747836</td><td rowspan="1">0</td></tr><tr><th colspan="4"> Regression Test &#8212; passed</th></tr><tr class="passedeven"><td rowspan="1">Tests.AddProductToCartTest</td><td><a href="#m6">UserCanAddProductToCart</a></td><td rowspan="1">1747581733524</td><td rowspan="1">6395</td></tr><tr class="passedodd"><td rowspan="1">Tests.ContactUSTest</td><td><a href="#m7">userCanUseContactUs</a></td><td rowspan="1">1747581739926</td><td rowspan="1">3215</td></tr></tbody>
</table>
<h2> Regression Test</h2><h3 id="m0">Tests.RegisteredUserCheckOutAndDownloadInvoiceTest#userCanRegistersuccessfully</h3><table class="result"><tr><th>Exception</th></tr><tr><td><div class="stacktrace">org.openqa.selenium.NoSuchElementException: no such element: Unable to locate element: {&quot;method&quot;:&quot;css selector&quot;,&quot;selector&quot;:&quot;#id_gender1&quot;}
  (Session info: chrome=136.0.7103.114)
For documentation on this error, please visit: https://www.selenium.dev/documentation/webdriver/troubleshooting/errors#no-such-element-exception
Build info: version: &apos;4.27.0&apos;, revision: &apos;d6e718d134&apos;
System info: os.name: &apos;Windows 11&apos;, os.arch: &apos;amd64&apos;, os.version: &apos;10.0&apos;, java.version: &apos;21.0.5&apos;
Driver info: org.openqa.selenium.chrome.ChromeDriver
Command: [6bc10b180b300f1fbbaea4fff0e2897f, findElement {using=id, value=id_gender1}]
Capabilities {acceptInsecureCerts: true, browserName: chrome, browserVersion: 136.0.7103.114, chrome: {chromedriverVersion: 136.0.7103.94 (fa0be0b33deb..., userDataDir: C:\Users\DELL\AppData\Local...}, fedcm:accounts: true, goog:chromeOptions: {debuggerAddress: localhost:60629}, networkConnectionEnabled: false, pageLoadStrategy: normal, platformName: windows, proxy: Proxy(), se:cdp: ws://localhost:60629/devtoo..., se:cdpVersion: 136.0.7103.114, setWindowRect: true, strictFileInteractability: false, timeouts: {implicit: 0, pageLoad: 300000, script: 30000}, unhandledPromptBehavior: dismiss and notify, webauthn:extension:credBlob: true, webauthn:extension:largeBlob: true, webauthn:extension:minPinLength: true, webauthn:extension:prf: true, webauthn:virtualAuthenticators: true}
Session ID: 6bc10b180b300f1fbbaea4fff0e2897f
	at org.openqa.selenium.remote.ErrorCodec.decode(ErrorCodec.java:167)
	at org.openqa.selenium.remote.codec.w3c.W3CHttpResponseCodec.decode(W3CHttpResponseCodec.java:138)
	at org.openqa.selenium.remote.codec.w3c.W3CHttpResponseCodec.decode(W3CHttpResponseCodec.java:50)
	at org.openqa.selenium.remote.HttpCommandExecutor.execute(HttpCommandExecutor.java:190)
	at org.openqa.selenium.remote.service.DriverCommandExecutor.invokeExecute(DriverCommandExecutor.java:216)
	at org.openqa.selenium.remote.service.DriverCommandExecutor.execute(DriverCommandExecutor.java:174)
	at org.openqa.selenium.remote.RemoteWebDriver.execute(RemoteWebDriver.java:545)
	at org.openqa.selenium.remote.ElementLocation$ElementFinder$2.findElement(ElementLocation.java:165)
	at org.openqa.selenium.remote.ElementLocation.findElement(ElementLocation.java:59)
	at org.openqa.selenium.remote.RemoteWebDriver.findElement(RemoteWebDriver.java:368)
	at org.openqa.selenium.remote.RemoteWebDriver.findElement(RemoteWebDriver.java:362)
	at org.openqa.selenium.support.pagefactory.DefaultElementLocator.findElement(DefaultElementLocator.java:68)
	at org.openqa.selenium.support.pagefactory.internal.LocatingElementHandler.invoke(LocatingElementHandler.java:38)
	at jdk.proxy2/jdk.proxy2.$Proxy12.click(Unknown Source)
	at Pages.PageBase.clickButton(PageBase.java:19)
	at Pages.UserRegisterationPage.userRegisteration(UserRegisterationPage.java:78)
	at Tests.RegisteredUserCheckOutAndDownloadInvoiceTest.userCanRegistersuccessfully(RegisteredUserCheckOutAndDownloadInvoiceTest.java:24)
	at java.base/java.util.ArrayList.forEach(ArrayList.java:1596)
... Removed 32 stack frames</div></td></tr></table><p class="totop"><a href="#summary">back to summary</a></p>
<h3 id="m1">Tests.UserRegisterationTest#userCanRegistersuccessfully</h3><table class="result"><tr><th>Exception</th></tr><tr><td><div class="stacktrace">org.openqa.selenium.NoSuchElementException: no such element: Unable to locate element: {&quot;method&quot;:&quot;css selector&quot;,&quot;selector&quot;:&quot;#id_gender1&quot;}
  (Session info: chrome=136.0.7103.114)
For documentation on this error, please visit: https://www.selenium.dev/documentation/webdriver/troubleshooting/errors#no-such-element-exception
Build info: version: &apos;4.27.0&apos;, revision: &apos;d6e718d134&apos;
System info: os.name: &apos;Windows 11&apos;, os.arch: &apos;amd64&apos;, os.version: &apos;10.0&apos;, java.version: &apos;21.0.5&apos;
Driver info: org.openqa.selenium.chrome.ChromeDriver
Command: [6bc10b180b300f1fbbaea4fff0e2897f, findElement {using=id, value=id_gender1}]
Capabilities {acceptInsecureCerts: true, browserName: chrome, browserVersion: 136.0.7103.114, chrome: {chromedriverVersion: 136.0.7103.94 (fa0be0b33deb..., userDataDir: C:\Users\DELL\AppData\Local...}, fedcm:accounts: true, goog:chromeOptions: {debuggerAddress: localhost:60629}, networkConnectionEnabled: false, pageLoadStrategy: normal, platformName: windows, proxy: Proxy(), se:cdp: ws://localhost:60629/devtoo..., se:cdpVersion: 136.0.7103.114, setWindowRect: true, strictFileInteractability: false, timeouts: {implicit: 0, pageLoad: 300000, script: 30000}, unhandledPromptBehavior: dismiss and notify, webauthn:extension:credBlob: true, webauthn:extension:largeBlob: true, webauthn:extension:minPinLength: true, webauthn:extension:prf: true, webauthn:virtualAuthenticators: true}
Session ID: 6bc10b180b300f1fbbaea4fff0e2897f
	at org.openqa.selenium.remote.ErrorCodec.decode(ErrorCodec.java:167)
	at org.openqa.selenium.remote.codec.w3c.W3CHttpResponseCodec.decode(W3CHttpResponseCodec.java:138)
	at org.openqa.selenium.remote.codec.w3c.W3CHttpResponseCodec.decode(W3CHttpResponseCodec.java:50)
	at org.openqa.selenium.remote.HttpCommandExecutor.execute(HttpCommandExecutor.java:190)
	at org.openqa.selenium.remote.service.DriverCommandExecutor.invokeExecute(DriverCommandExecutor.java:216)
	at org.openqa.selenium.remote.service.DriverCommandExecutor.execute(DriverCommandExecutor.java:174)
	at org.openqa.selenium.remote.RemoteWebDriver.execute(RemoteWebDriver.java:545)
	at org.openqa.selenium.remote.ElementLocation$ElementFinder$2.findElement(ElementLocation.java:165)
	at org.openqa.selenium.remote.ElementLocation.findElement(ElementLocation.java:59)
	at org.openqa.selenium.remote.RemoteWebDriver.findElement(RemoteWebDriver.java:368)
	at org.openqa.selenium.remote.RemoteWebDriver.findElement(RemoteWebDriver.java:362)
	at org.openqa.selenium.support.pagefactory.DefaultElementLocator.findElement(DefaultElementLocator.java:68)
	at org.openqa.selenium.support.pagefactory.internal.LocatingElementHandler.invoke(LocatingElementHandler.java:38)
	at jdk.proxy2/jdk.proxy2.$Proxy12.click(Unknown Source)
	at Pages.PageBase.clickButton(PageBase.java:19)
	at Pages.UserRegisterationPage.userRegisteration(UserRegisterationPage.java:78)
	at Tests.UserRegisterationTest.userCanRegistersuccessfully(UserRegisterationTest.java:21)
	at java.base/java.util.ArrayList.forEach(ArrayList.java:1596)
... Removed 32 stack frames</div></td></tr></table><p class="totop"><a href="#summary">back to summary</a></p>
<h3 id="m2">Tests.RegisteredUserCheckOutAndDownloadInvoiceTest#UserCanAddProductToCart</h3><table class="result"><tr><th>Exception</th></tr><tr><td><div class="stacktrace">java.lang.Throwable: Method Tests.RegisteredUserCheckOutAndDownloadInvoiceTest.UserCanAddProductToCart() on instance Tests.RegisteredUserCheckOutAndDownloadInvoiceTest@478190fc depends on not successfully finished methods 
[Tests.RegisteredUserCheckOutAndDownloadInvoiceTest.userCanRegistersuccessfully() on instance Tests.RegisteredUserCheckOutAndDownloadInvoiceTest@478190fc]
	at java.base/java.util.ArrayList.forEach(ArrayList.java:1596)
... Removed 22 stack frames</div></td></tr></table><p class="totop"><a href="#summary">back to summary</a></p>
<h3 id="m3">Tests.RegisteredUserCheckOutAndDownloadInvoiceTest#registeredUserCanCheckOut</h3><table class="result"><tr><th>Exception</th></tr><tr><td><div class="stacktrace">java.lang.Throwable: Method Tests.RegisteredUserCheckOutAndDownloadInvoiceTest.registeredUserCanCheckOut() on instance Tests.RegisteredUserCheckOutAndDownloadInvoiceTest@478190fc depends on not successfully finished methods 
[Tests.RegisteredUserCheckOutAndDownloadInvoiceTest.UserCanAddProductToCart() on instance Tests.RegisteredUserCheckOutAndDownloadInvoiceTest@478190fc]
	at java.base/java.util.ArrayList.forEach(ArrayList.java:1596)
... Removed 22 stack frames</div></td></tr></table><p class="totop"><a href="#summary">back to summary</a></p>
<h3 id="m4">Tests.UserRegisterationTest#userCanLoginSuccessfully</h3><table class="result"><tr><th>Exception</th></tr><tr><td><div class="stacktrace">java.lang.Throwable: Method Tests.UserRegisterationTest.userCanLoginSuccessfully() on instance Tests.UserRegisterationTest@5c5eefef depends on not successfully finished methods 
[Tests.UserRegisterationTest.userCanLogout() on instance Tests.UserRegisterationTest@5c5eefef]
	at java.base/java.util.ArrayList.forEach(ArrayList.java:1596)
... Removed 22 stack frames</div></td></tr></table><p class="totop"><a href="#summary">back to summary</a></p>
<h3 id="m5">Tests.UserRegisterationTest#userCanLogout</h3><table class="result"><tr><th>Exception</th></tr><tr><td><div class="stacktrace">java.lang.Throwable: Method Tests.UserRegisterationTest.userCanLogout() on instance Tests.UserRegisterationTest@5c5eefef depends on not successfully finished methods 
[Tests.UserRegisterationTest.userCanRegistersuccessfully() on instance Tests.UserRegisterationTest@5c5eefef]
	at java.base/java.util.ArrayList.forEach(ArrayList.java:1596)
... Removed 22 stack frames</div></td></tr></table><p class="totop"><a href="#summary">back to summary</a></p>
<h3 id="m6">Tests.AddProductToCartTest#UserCanAddProductToCart</h3><table class="result"><tr><th class="invisible"/></tr></table><p class="totop"><a href="#summary">back to summary</a></p>
<h3 id="m7">Tests.ContactUSTest#userCanUseContactUs</h3><table class="result"><tr><th class="invisible"/></tr></table><p class="totop"><a href="#summary">back to summary</a></p>
</body>
</html>
