<!DOCTYPE html>

<html>
  <head>
  <meta charset='utf-8'>
  <title>TestNG reports</title>

    <link type="text/css" href="testng-reports1.css" rel="stylesheet" id="ultra" />
    <link type="text/css" href="testng-reports.css" rel="stylesheet" id="retro" disabled="false"/>
    <script type="text/javascript" src="jquery-3.6.0.min.js"></script>
    <script type="text/javascript" src="testng-reports.js"></script>
    <script type="text/javascript" src="https://www.google.com/jsapi"></script>
    <script type='text/javascript'>
      google.load('visualization', '1', {packages:['table']});
      google.setOnLoadCallback(drawTable);
      var suiteTableInitFunctions = new Array();
      var suiteTableData = new Array();
    </script>
    <!--
      <script type="text/javascript" src="jquery-ui/js/jquery-ui-1.8.16.custom.min.js"></script>
     -->
  </head>

  <body>    <div class="top-banner-root">
      <span class="top-banner-title-font">Test results</span>
      <button id="button" class="button">Switch Retro Theme</button> <!-- button -->
      <br/>
      <span class="top-banner-font-1">1 suite, 2 failed tests</span>
    </div> <!-- top-banner-root -->
    <div class="navigator-root">
      <div class="navigator-suite-header">
        <span>All suites</span>
        <a href="#" title="Collapse/expand all the suites" class="collapse-all-link">
          <img src="collapseall.gif" class="collapse-all-icon">
          </img> <!-- collapse-all-icon -->
        </a> <!-- collapse-all-link -->
      </div> <!-- navigator-suite-header -->
      <div class="suite">
        <div class="rounded-window">
          <div class="suite-header light-rounded-window-top">
            <a href="#" panel-name="suite-automationexercise_regression_Suite" class="navigator-link">
              <span class="suite-name border-failed">automationexercise regression Suite</span>
            </a> <!-- navigator-link -->
          </div> <!-- suite-header light-rounded-window-top -->
          <div class="navigator-suite-content">
            <div class="suite-section-title">
              <span>Info</span>
            </div> <!-- suite-section-title -->
            <div class="suite-section-content">
              <ul>
                <li>
                  <a href="#" panel-name="test-xml-automationexercise_regression_Suite" class="navigator-link ">
                    <span>D:\WorkSpace\taf\testng2.xml</span>
                  </a> <!-- navigator-link  -->
                </li>
                <li>
                  <a href="#" panel-name="testlist-automationexercise_regression_Suite" class="navigator-link ">
                    <span class="test-stats">1 test</span>
                  </a> <!-- navigator-link  -->
                </li>
                <li>
                  <a href="#" panel-name="group-automationexercise_regression_Suite" class="navigator-link ">
                    <span>0 groups</span>
                  </a> <!-- navigator-link  -->
                </li>
                <li>
                  <a href="#" panel-name="times-automationexercise_regression_Suite" class="navigator-link ">
                    <span>Times</span>
                  </a> <!-- navigator-link  -->
                </li>
                <li>
                  <a href="#" panel-name="reporter-automationexercise_regression_Suite" class="navigator-link ">
                    <span>Reporter output</span>
                  </a> <!-- navigator-link  -->
                </li>
                <li>
                  <a href="#" panel-name="ignored-methods-automationexercise_regression_Suite" class="navigator-link ">
                    <span>Ignored methods</span>
                  </a> <!-- navigator-link  -->
                </li>
                <li>
                  <a href="#" panel-name="chronological-automationexercise_regression_Suite" class="navigator-link ">
                    <span>Chronological view</span>
                  </a> <!-- navigator-link  -->
                </li>
              </ul>
            </div> <!-- suite-section-content -->
            <div class="result-section">
              <div class="suite-section-title">
                <span>Results</span>
              </div> <!-- suite-section-title -->
              <div class="suite-section-content">
                <ul>
                  <li>
                    <span class="method-stats">8 methods, 2 failed,  4 skipped,  2 passed</span>
                  </li>
                  <li>
                    <span class="method-list-title failed">Failed methods</span>
                    <span class="show-or-hide-methods failed">
                      <a href="#" panel-name="suite-automationexercise_regression_Suite" class="hide-methods failed suite-automationexercise_regression_Suite"> (hide)</a> <!-- hide-methods failed suite-automationexercise_regression_Suite -->
                      <a href="#" panel-name="suite-automationexercise_regression_Suite" class="show-methods failed suite-automationexercise_regression_Suite"> (show)</a> <!-- show-methods failed suite-automationexercise_regression_Suite -->
                    </span>
                    <div class="method-list-content failed suite-automationexercise_regression_Suite">
                      <span>
                        <img src="failed.png" width="3%"/>
                        <a href="#" panel-name="suite-automationexercise_regression_Suite" title="Tests.UserRegisterationTest" class="method navigator-link" hash-for-method="userCanRegistersuccessfully">userCanRegistersuccessfully</a> <!-- method navigator-link -->
                      </span>
                      <br/>
                      <span>
                        <img src="failed.png" width="3%"/>
                        <a href="#" panel-name="suite-automationexercise_regression_Suite" title="Tests.RegisteredUserCheckOutAndDownloadInvoiceTest" class="method navigator-link" hash-for-method="userCanRegistersuccessfully">userCanRegistersuccessfully</a> <!-- method navigator-link -->
                      </span>
                      <br/>
                    </div> <!-- method-list-content failed suite-automationexercise_regression_Suite -->
                  </li>
                  <li>
                    <span class="method-list-title skipped">Skipped methods</span>
                    <span class="show-or-hide-methods skipped">
                      <a href="#" panel-name="suite-automationexercise_regression_Suite" class="hide-methods skipped suite-automationexercise_regression_Suite"> (hide)</a> <!-- hide-methods skipped suite-automationexercise_regression_Suite -->
                      <a href="#" panel-name="suite-automationexercise_regression_Suite" class="show-methods skipped suite-automationexercise_regression_Suite"> (show)</a> <!-- show-methods skipped suite-automationexercise_regression_Suite -->
                    </span>
                    <div class="method-list-content skipped suite-automationexercise_regression_Suite">
                      <span>
                        <img src="skipped.png" width="3%"/>
                        <a href="#" panel-name="suite-automationexercise_regression_Suite" title="Tests.RegisteredUserCheckOutAndDownloadInvoiceTest" class="method navigator-link" hash-for-method="UserCanAddProductToCart">UserCanAddProductToCart</a> <!-- method navigator-link -->
                      </span>
                      <br/>
                      <span>
                        <img src="skipped.png" width="3%"/>
                        <a href="#" panel-name="suite-automationexercise_regression_Suite" title="Tests.RegisteredUserCheckOutAndDownloadInvoiceTest" class="method navigator-link" hash-for-method="registeredUserCanCheckOut">registeredUserCanCheckOut</a> <!-- method navigator-link -->
                      </span>
                      <br/>
                      <span>
                        <img src="skipped.png" width="3%"/>
                        <a href="#" panel-name="suite-automationexercise_regression_Suite" title="Tests.UserRegisterationTest" class="method navigator-link" hash-for-method="userCanLoginSuccessfully">userCanLoginSuccessfully</a> <!-- method navigator-link -->
                      </span>
                      <br/>
                      <span>
                        <img src="skipped.png" width="3%"/>
                        <a href="#" panel-name="suite-automationexercise_regression_Suite" title="Tests.UserRegisterationTest" class="method navigator-link" hash-for-method="userCanLogout">userCanLogout</a> <!-- method navigator-link -->
                      </span>
                      <br/>
                    </div> <!-- method-list-content skipped suite-automationexercise_regression_Suite -->
                  </li>
                  <li>
                    <span class="method-list-title passed">Passed methods</span>
                    <span class="show-or-hide-methods passed">
                      <a href="#" panel-name="suite-automationexercise_regression_Suite" class="hide-methods passed suite-automationexercise_regression_Suite"> (hide)</a> <!-- hide-methods passed suite-automationexercise_regression_Suite -->
                      <a href="#" panel-name="suite-automationexercise_regression_Suite" class="show-methods passed suite-automationexercise_regression_Suite"> (show)</a> <!-- show-methods passed suite-automationexercise_regression_Suite -->
                    </span>
                    <div class="method-list-content passed suite-automationexercise_regression_Suite">
                      <span>
                        <img src="passed.png" width="3%"/>
                        <a href="#" panel-name="suite-automationexercise_regression_Suite" title="Tests.AddProductToCartTest" class="method navigator-link" hash-for-method="UserCanAddProductToCart">UserCanAddProductToCart</a> <!-- method navigator-link -->
                      </span>
                      <br/>
                      <span>
                        <img src="passed.png" width="3%"/>
                        <a href="#" panel-name="suite-automationexercise_regression_Suite" title="Tests.ContactUSTest" class="method navigator-link" hash-for-method="userCanUseContactUs">userCanUseContactUs</a> <!-- method navigator-link -->
                      </span>
                      <br/>
                    </div> <!-- method-list-content passed suite-automationexercise_regression_Suite -->
                  </li>
                </ul>
              </div> <!-- suite-section-content -->
            </div> <!-- result-section -->
          </div> <!-- navigator-suite-content -->
        </div> <!-- rounded-window -->
      </div> <!-- suite -->
    </div> <!-- navigator-root -->
    <div class="wrapper">
      <div class="main-panel-root">
        <div panel-name="suite-automationexercise_regression_Suite" class="panel automationexercise_regression_Suite">
          <div class="suite-automationexercise_regression_Suite-class-failed">
            <div class="main-panel-header rounded-window-top">
              <img src="failed.png"/>
              <span class="class-name">Tests.RegisteredUserCheckOutAndDownloadInvoiceTest</span>
            </div> <!-- main-panel-header rounded-window-top -->
            <div class="main-panel-content rounded-window-bottom">
              <div class="method">
                <div class="method-content">
                  <a name="userCanRegistersuccessfully">
                  </a> <!-- userCanRegistersuccessfully -->
                  <span class="method-name">userCanRegistersuccessfully</span>
                  <div class="stack-trace">org.openqa.selenium.NoSuchElementException: no such element: Unable to locate element: {&quot;method&quot;:&quot;css selector&quot;,&quot;selector&quot;:&quot;#id_gender1&quot;}
  (Session info: chrome=136.0.7103.114)
For documentation on this error, please visit: https://www.selenium.dev/documentation/webdriver/troubleshooting/errors#no-such-element-exception
Build info: version: &apos;4.27.0&apos;, revision: &apos;d6e718d134&apos;
System info: os.name: &apos;Windows 11&apos;, os.arch: &apos;amd64&apos;, os.version: &apos;10.0&apos;, java.version: &apos;21.0.5&apos;
Driver info: org.openqa.selenium.chrome.ChromeDriver
Command: [6bc10b180b300f1fbbaea4fff0e2897f, findElement {using=id, value=id_gender1}]
Capabilities {acceptInsecureCerts: true, browserName: chrome, browserVersion: 136.0.7103.114, chrome: {chromedriverVersion: 136.0.7103.94 (fa0be0b33deb..., userDataDir: C:\Users\DELL\AppData\Local...}, fedcm:accounts: true, goog:chromeOptions: {debuggerAddress: localhost:60629}, networkConnectionEnabled: false, pageLoadStrategy: normal, platformName: windows, proxy: Proxy(), se:cdp: ws://localhost:60629/devtoo..., se:cdpVersion: 136.0.7103.114, setWindowRect: true, strictFileInteractability: false, timeouts: {implicit: 0, pageLoad: 300000, script: 30000}, unhandledPromptBehavior: dismiss and notify, webauthn:extension:credBlob: true, webauthn:extension:largeBlob: true, webauthn:extension:minPinLength: true, webauthn:extension:prf: true, webauthn:virtualAuthenticators: true}
Session ID: 6bc10b180b300f1fbbaea4fff0e2897f
	at org.openqa.selenium.remote.ErrorCodec.decode(ErrorCodec.java:167)
	at org.openqa.selenium.remote.codec.w3c.W3CHttpResponseCodec.decode(W3CHttpResponseCodec.java:138)
	at org.openqa.selenium.remote.codec.w3c.W3CHttpResponseCodec.decode(W3CHttpResponseCodec.java:50)
	at org.openqa.selenium.remote.HttpCommandExecutor.execute(HttpCommandExecutor.java:190)
	at org.openqa.selenium.remote.service.DriverCommandExecutor.invokeExecute(DriverCommandExecutor.java:216)
	at org.openqa.selenium.remote.service.DriverCommandExecutor.execute(DriverCommandExecutor.java:174)
	at org.openqa.selenium.remote.RemoteWebDriver.execute(RemoteWebDriver.java:545)
	at org.openqa.selenium.remote.ElementLocation$ElementFinder$2.findElement(ElementLocation.java:165)
	at org.openqa.selenium.remote.ElementLocation.findElement(ElementLocation.java:59)
	at org.openqa.selenium.remote.RemoteWebDriver.findElement(RemoteWebDriver.java:368)
	at org.openqa.selenium.remote.RemoteWebDriver.findElement(RemoteWebDriver.java:362)
	at org.openqa.selenium.support.pagefactory.DefaultElementLocator.findElement(DefaultElementLocator.java:68)
	at org.openqa.selenium.support.pagefactory.internal.LocatingElementHandler.invoke(LocatingElementHandler.java:38)
	at jdk.proxy2/jdk.proxy2.$Proxy12.click(Unknown Source)
	at Pages.PageBase.clickButton(PageBase.java:19)
	at Pages.UserRegisterationPage.userRegisteration(UserRegisterationPage.java:78)
	at Tests.RegisteredUserCheckOutAndDownloadInvoiceTest.userCanRegistersuccessfully(RegisteredUserCheckOutAndDownloadInvoiceTest.java:24)
	at java.base/java.util.ArrayList.forEach(ArrayList.java:1596)
... Removed 32 stack frames
</div> <!-- stack-trace -->
                </div> <!-- method-content -->
              </div> <!-- method -->
            </div> <!-- main-panel-content rounded-window-bottom -->
          </div> <!-- suite-automationexercise_regression_Suite-class-failed -->
          <div class="suite-automationexercise_regression_Suite-class-failed">
            <div class="main-panel-header rounded-window-top">
              <img src="failed.png"/>
              <span class="class-name">Tests.UserRegisterationTest</span>
            </div> <!-- main-panel-header rounded-window-top -->
            <div class="main-panel-content rounded-window-bottom">
              <div class="method">
                <div class="method-content">
                  <a name="userCanRegistersuccessfully">
                  </a> <!-- userCanRegistersuccessfully -->
                  <span class="method-name">userCanRegistersuccessfully</span>
                  <div class="stack-trace">org.openqa.selenium.NoSuchElementException: no such element: Unable to locate element: {&quot;method&quot;:&quot;css selector&quot;,&quot;selector&quot;:&quot;#id_gender1&quot;}
  (Session info: chrome=136.0.7103.114)
For documentation on this error, please visit: https://www.selenium.dev/documentation/webdriver/troubleshooting/errors#no-such-element-exception
Build info: version: &apos;4.27.0&apos;, revision: &apos;d6e718d134&apos;
System info: os.name: &apos;Windows 11&apos;, os.arch: &apos;amd64&apos;, os.version: &apos;10.0&apos;, java.version: &apos;21.0.5&apos;
Driver info: org.openqa.selenium.chrome.ChromeDriver
Command: [6bc10b180b300f1fbbaea4fff0e2897f, findElement {using=id, value=id_gender1}]
Capabilities {acceptInsecureCerts: true, browserName: chrome, browserVersion: 136.0.7103.114, chrome: {chromedriverVersion: 136.0.7103.94 (fa0be0b33deb..., userDataDir: C:\Users\DELL\AppData\Local...}, fedcm:accounts: true, goog:chromeOptions: {debuggerAddress: localhost:60629}, networkConnectionEnabled: false, pageLoadStrategy: normal, platformName: windows, proxy: Proxy(), se:cdp: ws://localhost:60629/devtoo..., se:cdpVersion: 136.0.7103.114, setWindowRect: true, strictFileInteractability: false, timeouts: {implicit: 0, pageLoad: 300000, script: 30000}, unhandledPromptBehavior: dismiss and notify, webauthn:extension:credBlob: true, webauthn:extension:largeBlob: true, webauthn:extension:minPinLength: true, webauthn:extension:prf: true, webauthn:virtualAuthenticators: true}
Session ID: 6bc10b180b300f1fbbaea4fff0e2897f
	at org.openqa.selenium.remote.ErrorCodec.decode(ErrorCodec.java:167)
	at org.openqa.selenium.remote.codec.w3c.W3CHttpResponseCodec.decode(W3CHttpResponseCodec.java:138)
	at org.openqa.selenium.remote.codec.w3c.W3CHttpResponseCodec.decode(W3CHttpResponseCodec.java:50)
	at org.openqa.selenium.remote.HttpCommandExecutor.execute(HttpCommandExecutor.java:190)
	at org.openqa.selenium.remote.service.DriverCommandExecutor.invokeExecute(DriverCommandExecutor.java:216)
	at org.openqa.selenium.remote.service.DriverCommandExecutor.execute(DriverCommandExecutor.java:174)
	at org.openqa.selenium.remote.RemoteWebDriver.execute(RemoteWebDriver.java:545)
	at org.openqa.selenium.remote.ElementLocation$ElementFinder$2.findElement(ElementLocation.java:165)
	at org.openqa.selenium.remote.ElementLocation.findElement(ElementLocation.java:59)
	at org.openqa.selenium.remote.RemoteWebDriver.findElement(RemoteWebDriver.java:368)
	at org.openqa.selenium.remote.RemoteWebDriver.findElement(RemoteWebDriver.java:362)
	at org.openqa.selenium.support.pagefactory.DefaultElementLocator.findElement(DefaultElementLocator.java:68)
	at org.openqa.selenium.support.pagefactory.internal.LocatingElementHandler.invoke(LocatingElementHandler.java:38)
	at jdk.proxy2/jdk.proxy2.$Proxy12.click(Unknown Source)
	at Pages.PageBase.clickButton(PageBase.java:19)
	at Pages.UserRegisterationPage.userRegisteration(UserRegisterationPage.java:78)
	at Tests.UserRegisterationTest.userCanRegistersuccessfully(UserRegisterationTest.java:21)
	at java.base/java.util.ArrayList.forEach(ArrayList.java:1596)
... Removed 32 stack frames
</div> <!-- stack-trace -->
                </div> <!-- method-content -->
              </div> <!-- method -->
            </div> <!-- main-panel-content rounded-window-bottom -->
          </div> <!-- suite-automationexercise_regression_Suite-class-failed -->
          <div class="suite-automationexercise_regression_Suite-class-skipped">
            <div class="main-panel-header rounded-window-top">
              <img src="skipped.png"/>
              <span class="class-name">Tests.RegisteredUserCheckOutAndDownloadInvoiceTest</span>
            </div> <!-- main-panel-header rounded-window-top -->
            <div class="main-panel-content rounded-window-bottom">
              <div class="method">
                <div class="method-content">
                  <a name="UserCanAddProductToCart">
                  </a> <!-- UserCanAddProductToCart -->
                  <span class="method-name">UserCanAddProductToCart</span>
                  <div class="stack-trace">java.lang.Throwable: Method Tests.RegisteredUserCheckOutAndDownloadInvoiceTest.UserCanAddProductToCart() on instance Tests.RegisteredUserCheckOutAndDownloadInvoiceTest@478190fc depends on not successfully finished methods 
[Tests.RegisteredUserCheckOutAndDownloadInvoiceTest.userCanRegistersuccessfully() on instance Tests.RegisteredUserCheckOutAndDownloadInvoiceTest@478190fc]
	at java.base/java.util.ArrayList.forEach(ArrayList.java:1596)
... Removed 22 stack frames
</div> <!-- stack-trace -->
                </div> <!-- method-content -->
              </div> <!-- method -->
              <div class="method">
                <div class="method-content">
                  <a name="registeredUserCanCheckOut">
                  </a> <!-- registeredUserCanCheckOut -->
                  <span class="method-name">registeredUserCanCheckOut</span>
                  <div class="stack-trace">java.lang.Throwable: Method Tests.RegisteredUserCheckOutAndDownloadInvoiceTest.registeredUserCanCheckOut() on instance Tests.RegisteredUserCheckOutAndDownloadInvoiceTest@478190fc depends on not successfully finished methods 
[Tests.RegisteredUserCheckOutAndDownloadInvoiceTest.UserCanAddProductToCart() on instance Tests.RegisteredUserCheckOutAndDownloadInvoiceTest@478190fc]
	at java.base/java.util.ArrayList.forEach(ArrayList.java:1596)
... Removed 22 stack frames
</div> <!-- stack-trace -->
                </div> <!-- method-content -->
              </div> <!-- method -->
            </div> <!-- main-panel-content rounded-window-bottom -->
          </div> <!-- suite-automationexercise_regression_Suite-class-skipped -->
          <div class="suite-automationexercise_regression_Suite-class-skipped">
            <div class="main-panel-header rounded-window-top">
              <img src="skipped.png"/>
              <span class="class-name">Tests.UserRegisterationTest</span>
            </div> <!-- main-panel-header rounded-window-top -->
            <div class="main-panel-content rounded-window-bottom">
              <div class="method">
                <div class="method-content">
                  <a name="userCanLoginSuccessfully">
                  </a> <!-- userCanLoginSuccessfully -->
                  <span class="method-name">userCanLoginSuccessfully</span>
                  <div class="stack-trace">java.lang.Throwable: Method Tests.UserRegisterationTest.userCanLoginSuccessfully() on instance Tests.UserRegisterationTest@5c5eefef depends on not successfully finished methods 
[Tests.UserRegisterationTest.userCanLogout() on instance Tests.UserRegisterationTest@5c5eefef]
	at java.base/java.util.ArrayList.forEach(ArrayList.java:1596)
... Removed 22 stack frames
</div> <!-- stack-trace -->
                </div> <!-- method-content -->
              </div> <!-- method -->
              <div class="method">
                <div class="method-content">
                  <a name="userCanLogout">
                  </a> <!-- userCanLogout -->
                  <span class="method-name">userCanLogout</span>
                  <div class="stack-trace">java.lang.Throwable: Method Tests.UserRegisterationTest.userCanLogout() on instance Tests.UserRegisterationTest@5c5eefef depends on not successfully finished methods 
[Tests.UserRegisterationTest.userCanRegistersuccessfully() on instance Tests.UserRegisterationTest@5c5eefef]
	at java.base/java.util.ArrayList.forEach(ArrayList.java:1596)
... Removed 22 stack frames
</div> <!-- stack-trace -->
                </div> <!-- method-content -->
              </div> <!-- method -->
            </div> <!-- main-panel-content rounded-window-bottom -->
          </div> <!-- suite-automationexercise_regression_Suite-class-skipped -->
          <div class="suite-automationexercise_regression_Suite-class-passed">
            <div class="main-panel-header rounded-window-top">
              <img src="passed.png"/>
              <span class="class-name">Tests.ContactUSTest</span>
            </div> <!-- main-panel-header rounded-window-top -->
            <div class="main-panel-content rounded-window-bottom">
              <div class="method">
                <div class="method-content">
                  <a name="userCanUseContactUs">
                  </a> <!-- userCanUseContactUs -->
                  <span class="method-name">userCanUseContactUs</span>
                </div> <!-- method-content -->
              </div> <!-- method -->
            </div> <!-- main-panel-content rounded-window-bottom -->
          </div> <!-- suite-automationexercise_regression_Suite-class-passed -->
          <div class="suite-automationexercise_regression_Suite-class-passed">
            <div class="main-panel-header rounded-window-top">
              <img src="passed.png"/>
              <span class="class-name">Tests.AddProductToCartTest</span>
            </div> <!-- main-panel-header rounded-window-top -->
            <div class="main-panel-content rounded-window-bottom">
              <div class="method">
                <div class="method-content">
                  <a name="UserCanAddProductToCart">
                  </a> <!-- UserCanAddProductToCart -->
                  <span class="method-name">UserCanAddProductToCart</span>
                </div> <!-- method-content -->
              </div> <!-- method -->
            </div> <!-- main-panel-content rounded-window-bottom -->
          </div> <!-- suite-automationexercise_regression_Suite-class-passed -->
        </div> <!-- panel automationexercise_regression_Suite -->
        <div panel-name="test-xml-automationexercise_regression_Suite" class="panel">
          <div class="main-panel-header rounded-window-top">
            <span class="header-content">D:\WorkSpace\taf\testng2.xml</span>
          </div> <!-- main-panel-header rounded-window-top -->
          <div class="main-panel-content rounded-window-bottom">
            <pre>
&lt;?xml version=&quot;1.0&quot; encoding=&quot;UTF-8&quot;?&gt;
&lt;!DOCTYPE suite SYSTEM &quot;https://testng.org/testng-1.0.dtd&quot;&gt;
&lt;suite name=&quot;automationexercise regression Suite&quot; verbose=&quot;0&quot;&gt;
  &lt;parameter name=&quot;browser&quot; value=&quot;chrome&quot;/&gt;
  &lt;test thread-count=&quot;5&quot; name=&quot; Regression Test&quot; verbose=&quot;0&quot; preserve-order=&quot;false&quot;&gt;
    &lt;classes&gt;
      &lt;class name=&quot;Tests.UserRegisterationTest&quot;/&gt;
      &lt;class name=&quot;Tests.AddProductToCartTest&quot;/&gt;
      &lt;class name=&quot;Tests.ContactUSTest&quot;/&gt;
      &lt;class name=&quot;Tests.RegisteredUserCheckOutAndDownloadInvoiceTest&quot;/&gt;
    &lt;/classes&gt;
  &lt;/test&gt; &lt;!--  Regression Test --&gt;
&lt;/suite&gt; &lt;!-- automationexercise regression Suite --&gt;
            </pre>
          </div> <!-- main-panel-content rounded-window-bottom -->
        </div> <!-- panel -->
        <div panel-name="testlist-automationexercise_regression_Suite" class="panel">
          <div class="main-panel-header rounded-window-top">
            <span class="header-content">Tests for automationexercise regression Suite</span>
          </div> <!-- main-panel-header rounded-window-top -->
          <div class="main-panel-content rounded-window-bottom">
            <ul>
              <li>
                <span class="test-name"> Regression Test (4 classes)</span>
              </li>
            </ul>
          </div> <!-- main-panel-content rounded-window-bottom -->
        </div> <!-- panel -->
        <div panel-name="group-automationexercise_regression_Suite" class="panel">
          <div class="main-panel-header rounded-window-top">
            <span class="header-content">Groups for automationexercise regression Suite</span>
          </div> <!-- main-panel-header rounded-window-top -->
          <div class="main-panel-content rounded-window-bottom">
          </div> <!-- main-panel-content rounded-window-bottom -->
        </div> <!-- panel -->
        <div panel-name="times-automationexercise_regression_Suite" class="panel">
          <div class="main-panel-header rounded-window-top">
            <span class="header-content">Times for automationexercise regression Suite</span>
          </div> <!-- main-panel-header rounded-window-top -->
          <div class="main-panel-content rounded-window-bottom">
            <div class="times-div">
              <script type="text/javascript">
suiteTableInitFunctions.push('tableData_automationexercise_regression_Suite');
function tableData_automationexercise_regression_Suite() {
var data = new google.visualization.DataTable();
data.addColumn('number', 'Number');
data.addColumn('string', 'Method');
data.addColumn('string', 'Class');
data.addColumn('number', 'Time (ms)');
data.addRows(8);
data.setCell(0, 0, 0)
data.setCell(0, 1, 'UserCanAddProductToCart')
data.setCell(0, 2, 'Tests.AddProductToCartTest')
data.setCell(0, 3, 6395);
data.setCell(1, 0, 1)
data.setCell(1, 1, 'userCanUseContactUs')
data.setCell(1, 2, 'Tests.ContactUSTest')
data.setCell(1, 3, 3215);
data.setCell(2, 0, 2)
data.setCell(2, 1, 'userCanRegistersuccessfully')
data.setCell(2, 2, 'Tests.UserRegisterationTest')
data.setCell(2, 3, 2091);
data.setCell(3, 0, 3)
data.setCell(3, 1, 'userCanRegistersuccessfully')
data.setCell(3, 2, 'Tests.RegisteredUserCheckOutAndDownloadInvoiceTest')
data.setCell(3, 3, 2066);
data.setCell(4, 0, 4)
data.setCell(4, 1, 'UserCanAddProductToCart')
data.setCell(4, 2, 'Tests.RegisteredUserCheckOutAndDownloadInvoiceTest')
data.setCell(4, 3, 0);
data.setCell(5, 0, 5)
data.setCell(5, 1, 'userCanLoginSuccessfully')
data.setCell(5, 2, 'Tests.UserRegisterationTest')
data.setCell(5, 3, 0);
data.setCell(6, 0, 6)
data.setCell(6, 1, 'registeredUserCanCheckOut')
data.setCell(6, 2, 'Tests.RegisteredUserCheckOutAndDownloadInvoiceTest')
data.setCell(6, 3, 0);
data.setCell(7, 0, 7)
data.setCell(7, 1, 'userCanLogout')
data.setCell(7, 2, 'Tests.UserRegisterationTest')
data.setCell(7, 3, 0);
window.suiteTableData['automationexercise_regression_Suite']= { tableData: data, tableDiv: 'times-div-automationexercise_regression_Suite'}
return data;
}
              </script>
              <span class="suite-total-time">Total running time: 13 seconds</span>
              <div id="times-div-automationexercise_regression_Suite">
              </div> <!-- times-div-automationexercise_regression_Suite -->
            </div> <!-- times-div -->
          </div> <!-- main-panel-content rounded-window-bottom -->
        </div> <!-- panel -->
        <div panel-name="reporter-automationexercise_regression_Suite" class="panel">
          <div class="main-panel-header rounded-window-top">
            <span class="header-content">Reporter output for automationexercise regression Suite</span>
          </div> <!-- main-panel-header rounded-window-top -->
          <div class="main-panel-content rounded-window-bottom">
          </div> <!-- main-panel-content rounded-window-bottom -->
        </div> <!-- panel -->
        <div panel-name="ignored-methods-automationexercise_regression_Suite" class="panel">
          <div class="main-panel-header rounded-window-top">
            <span class="header-content">6 ignored methods</span>
          </div> <!-- main-panel-header rounded-window-top -->
          <div class="main-panel-content rounded-window-bottom">
            <div class="ignored-class-div">
              <span class="ignored-class-name">Tests.ContactUSTest</span>
              <div class="ignored-methods-div">
                <span class="ignored-method-name">stopDriver</span>
                <br/>
                <span class="ignored-method-name">startDriver</span>
                <br/>
              </div> <!-- ignored-methods-div -->
            </div> <!-- ignored-class-div -->
            <div class="ignored-class-div">
              <span class="ignored-class-name">Tests.RegisteredUserCheckOutAndDownloadInvoiceTest</span>
              <div class="ignored-methods-div">
                <span class="ignored-method-name">stopDriver</span>
                <br/>
                <span class="ignored-method-name">startDriver</span>
                <br/>
              </div> <!-- ignored-methods-div -->
            </div> <!-- ignored-class-div -->
            <div class="ignored-class-div">
              <span class="ignored-class-name">Tests.AddProductToCartTest</span>
              <div class="ignored-methods-div">
                <span class="ignored-method-name">startDriver</span>
                <br/>
                <span class="ignored-method-name">stopDriver</span>
                <br/>
              </div> <!-- ignored-methods-div -->
            </div> <!-- ignored-class-div -->
          </div> <!-- main-panel-content rounded-window-bottom -->
        </div> <!-- panel -->
        <div panel-name="chronological-automationexercise_regression_Suite" class="panel">
          <div class="main-panel-header rounded-window-top">
            <span class="header-content">Methods in chronological order</span>
          </div> <!-- main-panel-header rounded-window-top -->
          <div class="main-panel-content rounded-window-bottom">
            <div class="chronological-class">
              <div class="chronological-class-name">Tests.UserRegisterationTest</div> <!-- chronological-class-name -->
              <div class="configuration-suite before">
                <span class="method-name">startDriver(chrome)</span>
                <span class="method-start">0 ms</span>
              </div> <!-- configuration-suite before -->
            </div> <!-- chronological-class -->
            <div class="chronological-class">
              <div class="chronological-class-name">Tests.AddProductToCartTest</div> <!-- chronological-class-name -->
              <div class="test-method">
                <span class="method-name">UserCanAddProductToCart</span>
                <span class="method-start">8141 ms</span>
              </div> <!-- test-method -->
              <div class="configuration-method after">
                <span class="method-name">screenshotOnFailure([TestResult name=UserCanAddProductToCart status=SUCCESS method=AddProductToCartTest.UserCanAddProduc...)</span>
                <span class="method-start">14541 ms</span>
              </div> <!-- configuration-method after -->
            </div> <!-- chronological-class -->
            <div class="chronological-class">
              <div class="chronological-class-name">Tests.ContactUSTest</div> <!-- chronological-class-name -->
              <div class="test-method">
                <span class="method-name">userCanUseContactUs</span>
                <span class="method-start">14543 ms</span>
              </div> <!-- test-method -->
              <div class="configuration-method after">
                <span class="method-name">screenshotOnFailure([TestResult name=userCanUseContactUs status=SUCCESS method=ContactUSTest.userCanUseContactUs()[pri:0...)</span>
                <span class="method-start">17758 ms</span>
              </div> <!-- configuration-method after -->
            </div> <!-- chronological-class -->
            <div class="chronological-class">
              <div class="chronological-class-name">Tests.RegisteredUserCheckOutAndDownloadInvoiceTest</div> <!-- chronological-class-name -->
              <div class="test-method">
                <img src="failed.png">
                </img>
                <span class="method-name">userCanRegistersuccessfully</span>
                <span class="method-start">17759 ms</span>
              </div> <!-- test-method -->
              <div class="configuration-method after">
                <span class="method-name">screenshotOnFailure([TestResult name=userCanRegistersuccessfully status=FAILURE method=RegisteredUserCheckOutAndDownload...)</span>
                <span class="method-start">19842 ms</span>
              </div> <!-- configuration-method after -->
            </div> <!-- chronological-class -->
            <div class="chronological-class">
              <div class="chronological-class-name">Tests.UserRegisterationTest</div> <!-- chronological-class-name -->
              <div class="test-method">
                <img src="failed.png">
                </img>
                <span class="method-name">userCanRegistersuccessfully</span>
                <span class="method-start">20132 ms</span>
              </div> <!-- test-method -->
              <div class="configuration-method after">
                <span class="method-name">screenshotOnFailure([TestResult name=userCanRegistersuccessfully status=FAILURE method=UserRegisterationTest.userCanRegi...)</span>
                <span class="method-start">22226 ms</span>
              </div> <!-- configuration-method after -->
              <div class="configuration-suite after">
                <span class="method-name">stopDriver</span>
                <span class="method-start">22496 ms</span>
              </div> <!-- configuration-suite after -->
          </div> <!-- main-panel-content rounded-window-bottom -->
        </div> <!-- panel -->
      </div> <!-- main-panel-root -->
    </div> <!-- wrapper -->
  </body>
<script type="text/javascript" src="testng-reports2.js"></script>
</html>
